<?xml version="1.0" encoding="UTF-8"?>
<!-- Generated by org.testng.reporters.JUnitReportReporter -->
<testsuite hostname="Sumayya_PC" failures="0" tests="2" name="XCompany.TestCases.SubmitOrder" time="46.760" errors="0" timestamp="2024-08-15T02:02:57 CDT" skipped="0">
  <testcase classname="XCompany.TestCases.SubmitOrder" name="submitOrder" time="23.867"/>
  <testcase classname="XCompany.TestCases.SubmitOrder" name="submitOrder" time="22.893"/>
</testsuite> <!-- XCompany.TestCases.SubmitOrder -->
